running software integration test, start
Test_HalBoardInit(): unmanagedBaseAddr = 0x20003000

Test_HalBoardInit(): DMABaseAddr = 0x20003000

cc312 runtime integration test
---------------------------------------------------------------
define                                   state     
---------------------------------------- ----------
MBEDTLS_MD2_PROCESS_ALT                  software  
MBEDTLS_MD4_PROCESS_ALT                  software  
MBEDTLS_MD5_PROCESS_ALT                  software  
MBEDTLS_RIPEMD160_PROCESS_ALT            software  
MBEDTLS_SHA1_PROCESS_ALT                 software  
MBEDTLS_SHA256_PROCESS_ALT               software  
MBEDTLS_SHA512_PROCESS_ALT               software  
MBEDTLS_DES_SETKEY_ALT                   software  
MBEDTLS_DES_CRYPT_ECB_ALT                software  
MBEDTLS_DES3_CRYPT_ECB_ALT               software  
MBEDTLS_AES_SETKEY_ENC_ALT               software  
MBEDTLS_AES_SETKEY_DEC_ALT               software  
MBEDTLS_AES_ENCRYPT_ALT                  software  
MBEDTLS_AES_DECRYPT_ALT                  software  
MBEDTLS_AES_ALT                          hardware  
MBEDTLS_CCM_ALT                          hardware  
MBEDTLS_GCM_ALT                          hardware  
MBEDTLS_SHA1_ALT                         hardware  
MBEDTLS_SHA256_ALT                       hardware  
MBEDTLS_SHA512_ALT                       software  
MBEDTLS_RSA_ALT                          hardware  
MBEDTLS_DHM_ALT                          hardware  
MBEDTLS_ECC_ALT                          software  
MBEDTLS_ECP_ALT                          software  
MBEDTLS_ENTROPY_HARDWARE_ALT             hardware  
MBEDTLS_PK_RSA_ALT_SUPPORT               software  
MBEDTLS_CMAC_ALT                         hardware  
MBEDTLS_ECDH_GEN_PUBLIC_ALT              hardware  
MBEDTLS_ECDH_COMPUTE_SHARED_ALT          hardware  
MBEDTLS_ECDSA_VERIFY_ALT                 hardware  
MBEDTLS_ECDSA_SIGN_ALT                   hardware  
MBEDTLS_ECDSA_GENKEY_ALT                 hardware  
       test_name                                    description                                                                 status     exec time 
      -------------------------------------------- --------------------------------------------------------------------------- ---------- ----------
Test: All Tests                                                                                                                          
Test: AES                                                                                                                                
Test:     AES-ECB-256                              KEY[256b] PLAIN[16B]                                                        Passed            0ms
Test:     AES-CBC-256                              KEY[256b] PLAIN[16B]                                                        Passed            0ms
Test:     AES-CTR-256                              KEY[256b] PLAIN[16B]                                                        Passed            0ms
Test:     AES-OFB-256                              KEY[256b] IV[16B] PLAIN[16B]                                                Passed            0ms
Test:     AES KeyWrap                              KEY[128b] PLAIN[16B]                                                        Passed            0ms
Test:     AES-CTR-128                              KEY[128b] PLAIN[16B]                                                        Passed            0ms
Test:     AES-CTR-128                              KEY[128b] PLAIN[128B]                                                       Passed            0ms
Test:     AES-CTR-128                              KEY[128b] PLAIN[1024B]                                                      Passed            0ms
Test:     AES-CTR-128                              KEY[128b] PLAIN[8192B]                                                      Passed            0ms
Test: AES.........................................................................................................             Passed            0ms
Test: SRP                                                                                                                                
Test:     SRP                                      MODE[SHA1] SRP[HK] USER[5B] PWD[11B] SALT[16B] KEY[32B]                     Passed            0ms
Test: SRP.........................................................................................................             Passed            0ms
Test: HASH                                                                                                                               
Test:     SHA1                                                                                                                 Passed            0ms
Test:     SHA224                                                                                                               Passed            0ms
Test:     SHA256                                                                                                               Passed            0ms
Test:     SHA384                                                                                                               Passed            0ms
Test:     SHA512                                                                                                               Passed            0ms
Test: HASH.........................................................................................................            Passed            0ms
Test: CCM                                                                                                                                
Test:     CCM                                      KEY[128b] AAD[20B] MSG[24B]                                                 Passed            0ms
Test:     CCM STAR                                 KEY[128b] AAD[20B] MSG[24B] TAG[16B]                                        Passed            0ms
Test:     CCM STAR - ENC ONLY                      KEY[128b] AAD[20B] MSG[24B] TAG[0B]                                         Passed            0ms
Test: CCM.........................................................................................................             Passed            0ms
Test: GCM                                                                                                                                
Test:     AES-GCM                                  KEY[128b] PLAIN[64B] AAD[64B]                                               Passed            0ms
Test:     AES-GCM Profiling                        KEY[128b] PLAIN[16B] AAD[16B]                                               Passed            0ms
Test:     AES-GCM Profiling                        KEY[128b] PLAIN[128B] AAD[16B]                                              Passed            0ms
Test:     AES-GCM Profiling                        KEY[128b] PLAIN[1024B] AAD[16B]                                             Passed            0ms
Test:     AES-GCM Profiling                        KEY[128b] PLAIN[8192B] AAD[16B]                                             Passed            0ms
Test: GCM.........................................................................................................             Passed            0ms
Test: ECDSA                                                                                                                              
Test:     ECDSA Primary Random                     ID[secp256r1]                                                               Passed            0ms
Test:     ECDSA Primary Vector                     ID[DP_SECP256R1]                                                            Passed            0ms
Test:     ECDSA Det Primary Vector                 ID[secp256r1] MD[SHA256]                                                    Passed            0ms
Test:     ECDSA Write Read Random                  ID[DP_SECP256R1] MD[SHA256]                                                 Passed            0ms
CC:mbedtls_ecdsa_verify_edwards: Error - verification failed with return code 0x00f02320
runIt_ecdsaPrimRandomEdwT:155      : error: failed with rc 0xffffb200
Test:     ECDSA Random Edwards                     ID[DP_CURVE25519] MD[SHA256]                                                Failed            0ms
runIt_ecdsaTest:440                : error: failed
Test: ECDSA.........................................................................................................           Failed            0ms
Test: ECDH                                                                                                                               
Test:     ECDH Vectors                                                                                                         Passed            0ms
Test:     ECDH Exchange                                                                                                        Passed            0ms
Test: ECDH.........................................................................................................            Passed            0ms
Test: ECIES                                                                                                                              
Test:     ECIES Random                             ID[secp256r1] DERIVE[ISO18033_KDF1] MD[SHA256]                              Passed            0ms
Test:     ECIES Vector                             ID[secp256r1] DERIVE[ISO18033_KDF1] MD[SHA256]                              Passed            0ms
Test: ECIES.........................................................................................................           Passed            0ms
Test: CTR-DRBG                                                                                                                           
Test:     CTR-DRBG Entropy Usage                                                                                               Passed            0ms
Test:     CTR-DRBG Vectors                                                                                                     Passed            0ms
Test: CTR-DRBG.........................................................................................................        Passed            0ms
Test: Key Derivation                                                                                                                     
Test:     HMAC Key Derivation                      MODE[SHA256] KEY[256b] CONTEXT[64B] LABEL[64B]                              Passed            0ms
Test:     CMAC Key Derivation                      KEY[256b] CONTEXT[4B] LABEL[8B]                                             Passed            0ms
Test:     HKDF Key Derivation                      MODE[SHA256] IKM[22B] SALT[13B] INFO[10B] OKM[42B]                          Passed            0ms
Test: Key Derivation.........................................................................................................  Passed            0ms
Test: HMAC                                                                                                                               
Test:     HMAC                                     MODE[SHA256] KEY[512b] PLAIN[65B]                                           Passed            0ms
Test:     CMAC                                     TYPE[AES_128_ECB] KEY[128b] PLAIN[64B]                                      Passed            0ms
Test:     CMAC-Profile                             TYPE[AES_128_ECB] KEY[128b] PLAIN[16B]                                      Passed            0ms
Test:     CMAC-Profile                             TYPE[AES_128_ECB] KEY[128b] PLAIN[128B]                                     Passed            0ms
Test:     CMAC-Profile                             TYPE[AES_128_ECB] KEY[128b] PLAIN[1024B]                                    Passed            0ms
Test:     CMAC-Profile                             TYPE[AES_128_ECB] KEY[128b] PLAIN[8192B]                                    Passed            0ms
Test: HMAC.........................................................................................................            Passed            0ms
Test: DH                                                                                                                                 
Test:     DH                                       G[560b]                                                                     Passed            0ms
Test: DH.........................................................................................................              Passed            0ms
Test: AssetProv                                                                                                                          
Test:     Asset Provisioning                       ASSET[256B]                                                                 Passed            0ms
Test: AssetProv.........................................................................................................       Passed            0ms
Test: All Tests.........................................................................................................       Failed            0ms
runIt_executer:781                 : error: failed
Exiting
